[2024-09-30T09:29:00.195+0000] {local_task_job_runner.py:123} INFO - ::group::Pre task execution logs
[2024-09-30T09:29:00.209+0000] {taskinstance.py:2612} INFO - Dependencies all met for dep_context=non-requeueable deps ti=<TaskInstance: kafka_DAG.kafka_dat scheduled__2024-09-30T09:28:30+00:00 [queued]>
[2024-09-30T09:29:00.213+0000] {taskinstance.py:2612} INFO - Dependencies all met for dep_context=requeueable deps ti=<TaskInstance: kafka_DAG.kafka_dat scheduled__2024-09-30T09:28:30+00:00 [queued]>
[2024-09-30T09:29:00.214+0000] {taskinstance.py:2865} INFO - Starting attempt 1 of 2
[2024-09-30T09:29:00.221+0000] {taskinstance.py:2888} INFO - Executing <Task(PythonOperator): kafka_dat> on 2024-09-30 09:28:30+00:00
[2024-09-30T09:29:00.224+0000] {standard_task_runner.py:72} INFO - Started process 1877 to run task
[2024-09-30T09:29:00.226+0000] {standard_task_runner.py:104} INFO - Running: ['airflow', 'tasks', 'run', 'kafka_DAG', 'kafka_dat', 'scheduled__2024-09-30T09:28:30+00:00', '--job-id', '97', '--raw', '--subdir', 'DAGS_FOLDER/getdata.py', '--cfg-path', '/tmp/tmp5kfjt1qw']
[2024-09-30T09:29:00.227+0000] {standard_task_runner.py:105} INFO - Job 97: Subtask kafka_dat
[2024-09-30T09:29:00.276+0000] {task_command.py:467} INFO - Running <TaskInstance: kafka_DAG.kafka_dat scheduled__2024-09-30T09:28:30+00:00 [running]> on host d88ad1cb048e
[2024-09-30T09:29:00.331+0000] {taskinstance.py:3131} INFO - Exporting env vars: AIRFLOW_CTX_DAG_OWNER='airflow' AIRFLOW_CTX_DAG_ID='kafka_DAG' AIRFLOW_CTX_TASK_ID='kafka_dat' AIRFLOW_CTX_EXECUTION_DATE='2024-09-30T09:28:30+00:00' AIRFLOW_CTX_TRY_NUMBER='1' AIRFLOW_CTX_DAG_RUN_ID='scheduled__2024-09-30T09:28:30+00:00'
[2024-09-30T09:29:00.332+0000] {taskinstance.py:731} INFO - ::endgroup::
[2024-09-30T09:29:00.376+0000] {logging_mixin.py:190} WARNING - [2024-09-30 09:29:00,376] [INFO] [quixstreams] : Topics required for this application:
[2024-09-30T09:29:00.376+0000] {logging_mixin.py:190} WARNING - [2024-09-30 09:29:00,376] [DEBUG] [quixstreams] : No topics provided for creation...skipping!
[2024-09-30T09:29:00.377+0000] {logging_mixin.py:190} WARNING - [2024-09-30 09:29:00,377] [INFO] [quixstreams] : Validating Kafka topics exist and are configured correctly...
[2024-09-30T09:29:00.380+0000] {logging_mixin.py:190} WARNING - [2024-09-30 09:29:00,380] [INFO] [quixstreams] : Kafka topics validation complete
[2024-09-30T09:29:00.551+0000] {logging_mixin.py:190} WARNING - [2024-09-30 09:29:00,550] [DEBUG] [quixstreams] : Flushing kafka producer
[2024-09-30T09:29:00.556+0000] {logging_mixin.py:190} WARNING - [2024-09-30 09:29:00,556] [DEBUG] [quixstreams] : Kafka producer flushed
[2024-09-30T09:29:00.557+0000] {python.py:240} INFO - Done. Returned value was: None
[2024-09-30T09:29:00.567+0000] {taskinstance.py:340} INFO - ::group::Post task execution logs
[2024-09-30T09:29:00.567+0000] {taskinstance.py:352} INFO - Marking task as SUCCESS. dag_id=kafka_DAG, task_id=kafka_dat, run_id=scheduled__2024-09-30T09:28:30+00:00, execution_date=20240930T092830, start_date=20240930T092900, end_date=20240930T092900
[2024-09-30T09:29:00.619+0000] {local_task_job_runner.py:266} INFO - Task exited with return code 0
[2024-09-30T09:29:00.633+0000] {taskinstance.py:3900} INFO - 0 downstream tasks scheduled from follow-on schedule check
[2024-09-30T09:29:00.634+0000] {local_task_job_runner.py:245} INFO - ::endgroup::
