[2024-09-30T09:14:30.438+0000] {local_task_job_runner.py:123} INFO - ::group::Pre task execution logs
[2024-09-30T09:14:30.452+0000] {taskinstance.py:2612} INFO - Dependencies all met for dep_context=non-requeueable deps ti=<TaskInstance: kafka_DAG.kafka_dat scheduled__2024-09-30T09:14:00+00:00 [queued]>
[2024-09-30T09:14:30.456+0000] {taskinstance.py:2612} INFO - Dependencies all met for dep_context=requeueable deps ti=<TaskInstance: kafka_DAG.kafka_dat scheduled__2024-09-30T09:14:00+00:00 [queued]>
[2024-09-30T09:14:30.457+0000] {taskinstance.py:2865} INFO - Starting attempt 1 of 2
[2024-09-30T09:14:30.469+0000] {taskinstance.py:2888} INFO - Executing <Task(PythonOperator): kafka_dat> on 2024-09-30 09:14:00+00:00
[2024-09-30T09:14:30.471+0000] {standard_task_runner.py:72} INFO - Started process 1285 to run task
[2024-09-30T09:14:30.473+0000] {standard_task_runner.py:104} INFO - Running: ['airflow', 'tasks', 'run', 'kafka_DAG', 'kafka_dat', 'scheduled__2024-09-30T09:14:00+00:00', '--job-id', '68', '--raw', '--subdir', 'DAGS_FOLDER/getdata.py', '--cfg-path', '/tmp/tmp68u405ej']
[2024-09-30T09:14:30.474+0000] {standard_task_runner.py:105} INFO - Job 68: Subtask kafka_dat
[2024-09-30T09:14:30.512+0000] {task_command.py:467} INFO - Running <TaskInstance: kafka_DAG.kafka_dat scheduled__2024-09-30T09:14:00+00:00 [running]> on host 76199f2e6caf
[2024-09-30T09:14:30.567+0000] {taskinstance.py:3131} INFO - Exporting env vars: AIRFLOW_CTX_DAG_OWNER='airflow' AIRFLOW_CTX_DAG_ID='kafka_DAG' AIRFLOW_CTX_TASK_ID='kafka_dat' AIRFLOW_CTX_EXECUTION_DATE='2024-09-30T09:14:00+00:00' AIRFLOW_CTX_TRY_NUMBER='1' AIRFLOW_CTX_DAG_RUN_ID='scheduled__2024-09-30T09:14:00+00:00'
[2024-09-30T09:14:30.567+0000] {taskinstance.py:731} INFO - ::endgroup::
[2024-09-30T09:14:30.611+0000] {logging_mixin.py:190} WARNING - [2024-09-30 09:14:30,611] [INFO] [quixstreams] : Topics required for this application:
[2024-09-30T09:14:30.612+0000] {logging_mixin.py:190} WARNING - [2024-09-30 09:14:30,612] [DEBUG] [quixstreams] : No topics provided for creation...skipping!
[2024-09-30T09:14:30.612+0000] {logging_mixin.py:190} WARNING - [2024-09-30 09:14:30,612] [INFO] [quixstreams] : Validating Kafka topics exist and are configured correctly...
[2024-09-30T09:14:30.615+0000] {logging_mixin.py:190} WARNING - [2024-09-30 09:14:30,615] [INFO] [quixstreams] : Kafka topics validation complete
[2024-09-30T09:14:30.727+0000] {logging_mixin.py:190} WARNING - [2024-09-30 09:14:30,727] [DEBUG] [quixstreams] : Flushing kafka producer
[2024-09-30T09:14:30.731+0000] {logging_mixin.py:190} WARNING - [2024-09-30 09:14:30,731] [DEBUG] [quixstreams] : Kafka producer flushed
[2024-09-30T09:14:30.732+0000] {python.py:240} INFO - Done. Returned value was: None
[2024-09-30T09:14:30.740+0000] {taskinstance.py:340} INFO - ::group::Post task execution logs
[2024-09-30T09:14:30.741+0000] {taskinstance.py:352} INFO - Marking task as SUCCESS. dag_id=kafka_DAG, task_id=kafka_dat, run_id=scheduled__2024-09-30T09:14:00+00:00, execution_date=20240930T091400, start_date=20240930T091430, end_date=20240930T091430
[2024-09-30T09:14:30.780+0000] {local_task_job_runner.py:266} INFO - Task exited with return code 0
[2024-09-30T09:14:30.794+0000] {taskinstance.py:3900} INFO - 0 downstream tasks scheduled from follow-on schedule check
[2024-09-30T09:14:30.797+0000] {local_task_job_runner.py:245} INFO - ::endgroup::
