[2024-09-30T09:24:30.239+0000] {local_task_job_runner.py:123} INFO - ::group::Pre task execution logs
[2024-09-30T09:24:30.252+0000] {taskinstance.py:2612} INFO - Dependencies all met for dep_context=non-requeueable deps ti=<TaskInstance: kafka_DAG.kafka_dat scheduled__2024-09-30T09:24:00+00:00 [queued]>
[2024-09-30T09:24:30.257+0000] {taskinstance.py:2612} INFO - Dependencies all met for dep_context=requeueable deps ti=<TaskInstance: kafka_DAG.kafka_dat scheduled__2024-09-30T09:24:00+00:00 [queued]>
[2024-09-30T09:24:30.257+0000] {taskinstance.py:2865} INFO - Starting attempt 1 of 2
[2024-09-30T09:24:30.265+0000] {taskinstance.py:2888} INFO - Executing <Task(PythonOperator): kafka_dat> on 2024-09-30 09:24:00+00:00
[2024-09-30T09:24:30.267+0000] {standard_task_runner.py:72} INFO - Started process 1698 to run task
[2024-09-30T09:24:30.269+0000] {standard_task_runner.py:104} INFO - Running: ['airflow', 'tasks', 'run', 'kafka_DAG', 'kafka_dat', 'scheduled__2024-09-30T09:24:00+00:00', '--job-id', '88', '--raw', '--subdir', 'DAGS_FOLDER/getdata.py', '--cfg-path', '/tmp/tmpho1bbprj']
[2024-09-30T09:24:30.270+0000] {standard_task_runner.py:105} INFO - Job 88: Subtask kafka_dat
[2024-09-30T09:24:30.320+0000] {task_command.py:467} INFO - Running <TaskInstance: kafka_DAG.kafka_dat scheduled__2024-09-30T09:24:00+00:00 [running]> on host 76199f2e6caf
[2024-09-30T09:24:30.380+0000] {taskinstance.py:3131} INFO - Exporting env vars: AIRFLOW_CTX_DAG_OWNER='airflow' AIRFLOW_CTX_DAG_ID='kafka_DAG' AIRFLOW_CTX_TASK_ID='kafka_dat' AIRFLOW_CTX_EXECUTION_DATE='2024-09-30T09:24:00+00:00' AIRFLOW_CTX_TRY_NUMBER='1' AIRFLOW_CTX_DAG_RUN_ID='scheduled__2024-09-30T09:24:00+00:00'
[2024-09-30T09:24:30.381+0000] {taskinstance.py:731} INFO - ::endgroup::
[2024-09-30T09:24:30.428+0000] {logging_mixin.py:190} WARNING - [2024-09-30 09:24:30,428] [INFO] [quixstreams] : Topics required for this application:
[2024-09-30T09:24:30.428+0000] {logging_mixin.py:190} WARNING - [2024-09-30 09:24:30,428] [DEBUG] [quixstreams] : No topics provided for creation...skipping!
[2024-09-30T09:24:30.428+0000] {logging_mixin.py:190} WARNING - [2024-09-30 09:24:30,428] [INFO] [quixstreams] : Validating Kafka topics exist and are configured correctly...
[2024-09-30T09:24:30.431+0000] {logging_mixin.py:190} WARNING - [2024-09-30 09:24:30,431] [INFO] [quixstreams] : Kafka topics validation complete
[2024-09-30T09:24:30.526+0000] {logging_mixin.py:190} WARNING - [2024-09-30 09:24:30,526] [DEBUG] [quixstreams] : Flushing kafka producer
[2024-09-30T09:24:30.530+0000] {logging_mixin.py:190} WARNING - [2024-09-30 09:24:30,530] [DEBUG] [quixstreams] : Kafka producer flushed
[2024-09-30T09:24:30.531+0000] {python.py:240} INFO - Done. Returned value was: None
[2024-09-30T09:24:30.541+0000] {taskinstance.py:340} INFO - ::group::Post task execution logs
[2024-09-30T09:24:30.541+0000] {taskinstance.py:352} INFO - Marking task as SUCCESS. dag_id=kafka_DAG, task_id=kafka_dat, run_id=scheduled__2024-09-30T09:24:00+00:00, execution_date=20240930T092400, start_date=20240930T092430, end_date=20240930T092430
[2024-09-30T09:24:30.576+0000] {local_task_job_runner.py:266} INFO - Task exited with return code 0
[2024-09-30T09:24:30.590+0000] {taskinstance.py:3900} INFO - 0 downstream tasks scheduled from follow-on schedule check
[2024-09-30T09:24:30.593+0000] {local_task_job_runner.py:245} INFO - ::endgroup::
