[2024-09-30T09:07:00.272+0000] {local_task_job_runner.py:123} INFO - ::group::Pre task execution logs
[2024-09-30T09:07:00.284+0000] {taskinstance.py:2612} INFO - Dependencies all met for dep_context=non-requeueable deps ti=<TaskInstance: kafka_DAG.kafka_dat scheduled__2024-09-30T09:06:30+00:00 [queued]>
[2024-09-30T09:07:00.288+0000] {taskinstance.py:2612} INFO - Dependencies all met for dep_context=requeueable deps ti=<TaskInstance: kafka_DAG.kafka_dat scheduled__2024-09-30T09:06:30+00:00 [queued]>
[2024-09-30T09:07:00.289+0000] {taskinstance.py:2865} INFO - Starting attempt 1 of 2
[2024-09-30T09:07:00.295+0000] {taskinstance.py:2888} INFO - Executing <Task(PythonOperator): kafka_dat> on 2024-09-30 09:06:30+00:00
[2024-09-30T09:07:00.297+0000] {standard_task_runner.py:72} INFO - Started process 973 to run task
[2024-09-30T09:07:00.299+0000] {standard_task_runner.py:104} INFO - Running: ['airflow', 'tasks', 'run', 'kafka_DAG', 'kafka_dat', 'scheduled__2024-09-30T09:06:30+00:00', '--job-id', '53', '--raw', '--subdir', 'DAGS_FOLDER/getdata.py', '--cfg-path', '/tmp/tmpguh4cjbd']
[2024-09-30T09:07:00.300+0000] {standard_task_runner.py:105} INFO - Job 53: Subtask kafka_dat
[2024-09-30T09:07:00.338+0000] {task_command.py:467} INFO - Running <TaskInstance: kafka_DAG.kafka_dat scheduled__2024-09-30T09:06:30+00:00 [running]> on host e4fcb4691d00
[2024-09-30T09:07:00.395+0000] {taskinstance.py:3131} INFO - Exporting env vars: AIRFLOW_CTX_DAG_OWNER='airflow' AIRFLOW_CTX_DAG_ID='kafka_DAG' AIRFLOW_CTX_TASK_ID='kafka_dat' AIRFLOW_CTX_EXECUTION_DATE='2024-09-30T09:06:30+00:00' AIRFLOW_CTX_TRY_NUMBER='1' AIRFLOW_CTX_DAG_RUN_ID='scheduled__2024-09-30T09:06:30+00:00'
[2024-09-30T09:07:00.396+0000] {taskinstance.py:731} INFO - ::endgroup::
[2024-09-30T09:07:00.453+0000] {logging_mixin.py:190} WARNING - [2024-09-30 09:07:00,453] [INFO] [quixstreams] : Topics required for this application:
[2024-09-30T09:07:00.454+0000] {logging_mixin.py:190} WARNING - [2024-09-30 09:07:00,454] [DEBUG] [quixstreams] : No topics provided for creation...skipping!
[2024-09-30T09:07:00.454+0000] {logging_mixin.py:190} WARNING - [2024-09-30 09:07:00,454] [INFO] [quixstreams] : Validating Kafka topics exist and are configured correctly...
[2024-09-30T09:07:00.459+0000] {logging_mixin.py:190} WARNING - [2024-09-30 09:07:00,458] [INFO] [quixstreams] : Kafka topics validation complete
[2024-09-30T09:07:00.626+0000] {logging_mixin.py:190} WARNING - [2024-09-30 09:07:00,626] [DEBUG] [quixstreams] : Flushing kafka producer
[2024-09-30T09:07:00.631+0000] {logging_mixin.py:190} WARNING - [2024-09-30 09:07:00,631] [DEBUG] [quixstreams] : Kafka producer flushed
[2024-09-30T09:07:00.632+0000] {python.py:240} INFO - Done. Returned value was: None
[2024-09-30T09:07:00.641+0000] {taskinstance.py:340} INFO - ::group::Post task execution logs
[2024-09-30T09:07:00.642+0000] {taskinstance.py:352} INFO - Marking task as SUCCESS. dag_id=kafka_DAG, task_id=kafka_dat, run_id=scheduled__2024-09-30T09:06:30+00:00, execution_date=20240930T090630, start_date=20240930T090700, end_date=20240930T090700
[2024-09-30T09:07:00.656+0000] {local_task_job_runner.py:266} INFO - Task exited with return code 0
[2024-09-30T09:07:00.669+0000] {taskinstance.py:3900} INFO - 0 downstream tasks scheduled from follow-on schedule check
[2024-09-30T09:07:00.672+0000] {local_task_job_runner.py:245} INFO - ::endgroup::
