[2024-09-30T09:39:00.726+0000] {local_task_job_runner.py:123} INFO - ::group::Pre task execution logs
[2024-09-30T09:39:00.738+0000] {taskinstance.py:2612} INFO - Dependencies all met for dep_context=non-requeueable deps ti=<TaskInstance: kafka_DAG.kafka_dat scheduled__2024-09-30T09:38:30+00:00 [queued]>
[2024-09-30T09:39:00.742+0000] {taskinstance.py:2612} INFO - Dependencies all met for dep_context=requeueable deps ti=<TaskInstance: kafka_DAG.kafka_dat scheduled__2024-09-30T09:38:30+00:00 [queued]>
[2024-09-30T09:39:00.742+0000] {taskinstance.py:2865} INFO - Starting attempt 1 of 2
[2024-09-30T09:39:00.749+0000] {taskinstance.py:2888} INFO - Executing <Task(PythonOperator): kafka_dat> on 2024-09-30 09:38:30+00:00
[2024-09-30T09:39:00.751+0000] {standard_task_runner.py:72} INFO - Started process 2336 to run task
[2024-09-30T09:39:00.754+0000] {standard_task_runner.py:104} INFO - Running: ['airflow', 'tasks', 'run', 'kafka_DAG', 'kafka_dat', 'scheduled__2024-09-30T09:38:30+00:00', '--job-id', '117', '--raw', '--subdir', 'DAGS_FOLDER/getdata.py', '--cfg-path', '/tmp/tmpabmzfdjf']
[2024-09-30T09:39:00.755+0000] {standard_task_runner.py:105} INFO - Job 117: Subtask kafka_dat
[2024-09-30T09:39:00.794+0000] {task_command.py:467} INFO - Running <TaskInstance: kafka_DAG.kafka_dat scheduled__2024-09-30T09:38:30+00:00 [running]> on host d88ad1cb048e
[2024-09-30T09:39:00.849+0000] {taskinstance.py:3131} INFO - Exporting env vars: AIRFLOW_CTX_DAG_OWNER='airflow' AIRFLOW_CTX_DAG_ID='kafka_DAG' AIRFLOW_CTX_TASK_ID='kafka_dat' AIRFLOW_CTX_EXECUTION_DATE='2024-09-30T09:38:30+00:00' AIRFLOW_CTX_TRY_NUMBER='1' AIRFLOW_CTX_DAG_RUN_ID='scheduled__2024-09-30T09:38:30+00:00'
[2024-09-30T09:39:00.850+0000] {taskinstance.py:731} INFO - ::endgroup::
[2024-09-30T09:39:00.900+0000] {logging_mixin.py:190} WARNING - [2024-09-30 09:39:00,900] [INFO] [quixstreams] : Topics required for this application:
[2024-09-30T09:39:00.900+0000] {logging_mixin.py:190} WARNING - [2024-09-30 09:39:00,900] [DEBUG] [quixstreams] : No topics provided for creation...skipping!
[2024-09-30T09:39:00.900+0000] {logging_mixin.py:190} WARNING - [2024-09-30 09:39:00,900] [INFO] [quixstreams] : Validating Kafka topics exist and are configured correctly...
[2024-09-30T09:39:00.935+0000] {logging_mixin.py:190} WARNING - [2024-09-30 09:39:00,935] [INFO] [quixstreams] : Kafka topics validation complete
[2024-09-30T09:39:01.044+0000] {logging_mixin.py:190} WARNING - [2024-09-30 09:39:01,044] [DEBUG] [quixstreams] : Flushing kafka producer
[2024-09-30T09:39:01.048+0000] {logging_mixin.py:190} WARNING - [2024-09-30 09:39:01,047] [DEBUG] [quixstreams] : Kafka producer flushed
[2024-09-30T09:39:01.049+0000] {python.py:240} INFO - Done. Returned value was: None
[2024-09-30T09:39:01.057+0000] {taskinstance.py:340} INFO - ::group::Post task execution logs
[2024-09-30T09:39:01.057+0000] {taskinstance.py:352} INFO - Marking task as SUCCESS. dag_id=kafka_DAG, task_id=kafka_dat, run_id=scheduled__2024-09-30T09:38:30+00:00, execution_date=20240930T093830, start_date=20240930T093900, end_date=20240930T093901
[2024-09-30T09:39:01.102+0000] {local_task_job_runner.py:266} INFO - Task exited with return code 0
[2024-09-30T09:39:01.116+0000] {taskinstance.py:3900} INFO - 0 downstream tasks scheduled from follow-on schedule check
[2024-09-30T09:39:01.119+0000] {local_task_job_runner.py:245} INFO - ::endgroup::
