[2024-09-30T11:17:30.210+0000] {local_task_job_runner.py:123} INFO - ::group::Pre task execution logs
[2024-09-30T11:17:30.222+0000] {taskinstance.py:2612} INFO - Dependencies all met for dep_context=non-requeueable deps ti=<TaskInstance: kafka_DAG.kafka_dat scheduled__2024-09-30T11:17:00+00:00 [queued]>
[2024-09-30T11:17:30.226+0000] {taskinstance.py:2612} INFO - Dependencies all met for dep_context=requeueable deps ti=<TaskInstance: kafka_DAG.kafka_dat scheduled__2024-09-30T11:17:00+00:00 [queued]>
[2024-09-30T11:17:30.226+0000] {taskinstance.py:2865} INFO - Starting attempt 1 of 2
[2024-09-30T11:17:30.233+0000] {taskinstance.py:2888} INFO - Executing <Task(PythonOperator): kafka_dat> on 2024-09-30 11:17:00+00:00
[2024-09-30T11:17:30.235+0000] {standard_task_runner.py:72} INFO - Started process 422 to run task
[2024-09-30T11:17:30.237+0000] {standard_task_runner.py:104} INFO - Running: ['airflow', 'tasks', 'run', 'kafka_DAG', 'kafka_dat', 'scheduled__2024-09-30T11:17:00+00:00', '--job-id', '230', '--raw', '--subdir', 'DAGS_FOLDER/getdata.py', '--cfg-path', '/tmp/tmpq6tp19ks']
[2024-09-30T11:17:30.239+0000] {standard_task_runner.py:105} INFO - Job 230: Subtask kafka_dat
[2024-09-30T11:17:30.278+0000] {task_command.py:467} INFO - Running <TaskInstance: kafka_DAG.kafka_dat scheduled__2024-09-30T11:17:00+00:00 [running]> on host d88ad1cb048e
[2024-09-30T11:17:30.331+0000] {taskinstance.py:3131} INFO - Exporting env vars: AIRFLOW_CTX_DAG_OWNER='airflow' AIRFLOW_CTX_DAG_ID='kafka_DAG' AIRFLOW_CTX_TASK_ID='kafka_dat' AIRFLOW_CTX_EXECUTION_DATE='2024-09-30T11:17:00+00:00' AIRFLOW_CTX_TRY_NUMBER='1' AIRFLOW_CTX_DAG_RUN_ID='scheduled__2024-09-30T11:17:00+00:00'
[2024-09-30T11:17:30.332+0000] {taskinstance.py:731} INFO - ::endgroup::
[2024-09-30T11:17:30.377+0000] {logging_mixin.py:190} WARNING - [2024-09-30 11:17:30,377] [INFO] [quixstreams] : Topics required for this application:
[2024-09-30T11:17:30.377+0000] {logging_mixin.py:190} WARNING - [2024-09-30 11:17:30,377] [DEBUG] [quixstreams] : No topics provided for creation...skipping!
[2024-09-30T11:17:30.378+0000] {logging_mixin.py:190} WARNING - [2024-09-30 11:17:30,378] [INFO] [quixstreams] : Validating Kafka topics exist and are configured correctly...
[2024-09-30T11:17:30.382+0000] {logging_mixin.py:190} WARNING - [2024-09-30 11:17:30,382] [INFO] [quixstreams] : Kafka topics validation complete
[2024-09-30T11:17:30.472+0000] {logging_mixin.py:190} WARNING - [2024-09-30 11:17:30,472] [DEBUG] [quixstreams] : Flushing kafka producer
[2024-09-30T11:17:30.478+0000] {logging_mixin.py:190} WARNING - [2024-09-30 11:17:30,477] [DEBUG] [quixstreams] : Kafka producer flushed
[2024-09-30T11:17:30.479+0000] {python.py:240} INFO - Done. Returned value was: None
[2024-09-30T11:17:30.488+0000] {taskinstance.py:340} INFO - ::group::Post task execution logs
[2024-09-30T11:17:30.488+0000] {taskinstance.py:352} INFO - Marking task as SUCCESS. dag_id=kafka_DAG, task_id=kafka_dat, run_id=scheduled__2024-09-30T11:17:00+00:00, execution_date=20240930T111700, start_date=20240930T111730, end_date=20240930T111730
[2024-09-30T11:17:30.502+0000] {local_task_job_runner.py:266} INFO - Task exited with return code 0
[2024-09-30T11:17:30.517+0000] {taskinstance.py:3900} INFO - 0 downstream tasks scheduled from follow-on schedule check
[2024-09-30T11:17:30.520+0000] {local_task_job_runner.py:245} INFO - ::endgroup::
