[2024-09-30T09:17:30.604+0000] {local_task_job_runner.py:123} INFO - ::group::Pre task execution logs
[2024-09-30T09:17:30.617+0000] {taskinstance.py:2612} INFO - Dependencies all met for dep_context=non-requeueable deps ti=<TaskInstance: kafka_DAG.kafka_dat scheduled__2024-09-30T09:17:00+00:00 [queued]>
[2024-09-30T09:17:30.621+0000] {taskinstance.py:2612} INFO - Dependencies all met for dep_context=requeueable deps ti=<TaskInstance: kafka_DAG.kafka_dat scheduled__2024-09-30T09:17:00+00:00 [queued]>
[2024-09-30T09:17:30.621+0000] {taskinstance.py:2865} INFO - Starting attempt 1 of 2
[2024-09-30T09:17:30.627+0000] {taskinstance.py:2888} INFO - Executing <Task(PythonOperator): kafka_dat> on 2024-09-30 09:17:00+00:00
[2024-09-30T09:17:30.629+0000] {standard_task_runner.py:72} INFO - Started process 1416 to run task
[2024-09-30T09:17:30.631+0000] {standard_task_runner.py:104} INFO - Running: ['airflow', 'tasks', 'run', 'kafka_DAG', 'kafka_dat', 'scheduled__2024-09-30T09:17:00+00:00', '--job-id', '74', '--raw', '--subdir', 'DAGS_FOLDER/getdata.py', '--cfg-path', '/tmp/tmpliv2ucpn']
[2024-09-30T09:17:30.633+0000] {standard_task_runner.py:105} INFO - Job 74: Subtask kafka_dat
[2024-09-30T09:17:30.670+0000] {task_command.py:467} INFO - Running <TaskInstance: kafka_DAG.kafka_dat scheduled__2024-09-30T09:17:00+00:00 [running]> on host e4fcb4691d00
[2024-09-30T09:17:30.723+0000] {taskinstance.py:3131} INFO - Exporting env vars: AIRFLOW_CTX_DAG_OWNER='airflow' AIRFLOW_CTX_DAG_ID='kafka_DAG' AIRFLOW_CTX_TASK_ID='kafka_dat' AIRFLOW_CTX_EXECUTION_DATE='2024-09-30T09:17:00+00:00' AIRFLOW_CTX_TRY_NUMBER='1' AIRFLOW_CTX_DAG_RUN_ID='scheduled__2024-09-30T09:17:00+00:00'
[2024-09-30T09:17:30.724+0000] {taskinstance.py:731} INFO - ::endgroup::
[2024-09-30T09:17:30.775+0000] {logging_mixin.py:190} WARNING - [2024-09-30 09:17:30,775] [INFO] [quixstreams] : Topics required for this application:
[2024-09-30T09:17:30.776+0000] {logging_mixin.py:190} WARNING - [2024-09-30 09:17:30,776] [DEBUG] [quixstreams] : No topics provided for creation...skipping!
[2024-09-30T09:17:30.776+0000] {logging_mixin.py:190} WARNING - [2024-09-30 09:17:30,776] [INFO] [quixstreams] : Validating Kafka topics exist and are configured correctly...
[2024-09-30T09:17:30.779+0000] {logging_mixin.py:190} WARNING - [2024-09-30 09:17:30,779] [INFO] [quixstreams] : Kafka topics validation complete
[2024-09-30T09:17:30.887+0000] {logging_mixin.py:190} WARNING - [2024-09-30 09:17:30,887] [DEBUG] [quixstreams] : Flushing kafka producer
[2024-09-30T09:17:30.891+0000] {logging_mixin.py:190} WARNING - [2024-09-30 09:17:30,891] [DEBUG] [quixstreams] : Kafka producer flushed
[2024-09-30T09:17:30.892+0000] {python.py:240} INFO - Done. Returned value was: None
[2024-09-30T09:17:30.900+0000] {taskinstance.py:340} INFO - ::group::Post task execution logs
[2024-09-30T09:17:30.901+0000] {taskinstance.py:352} INFO - Marking task as SUCCESS. dag_id=kafka_DAG, task_id=kafka_dat, run_id=scheduled__2024-09-30T09:17:00+00:00, execution_date=20240930T091700, start_date=20240930T091730, end_date=20240930T091730
[2024-09-30T09:17:30.940+0000] {local_task_job_runner.py:266} INFO - Task exited with return code 0
[2024-09-30T09:17:30.954+0000] {taskinstance.py:3900} INFO - 0 downstream tasks scheduled from follow-on schedule check
[2024-09-30T09:17:30.956+0000] {local_task_job_runner.py:245} INFO - ::endgroup::
